#
# There is insufficient memory for the Java Runtime Environment to continue.
# Native memory allocation (malloc) failed to allocate 32784 bytes for Chunk::new
# Possible reasons:
#   The system is out of physical RAM or swap space
#   The process is running with CompressedOops enabled, and the Java Heap may be blocking the growth of the native heap
# Possible solutions:
#   Reduce memory load on the system
#   Increase physical memory or swap space
#   Check if swap backing store is full
#   Decrease Java heap size (-Xmx/-Xms)
#   Decrease number of Java threads
#   Decrease Java thread stack sizes (-Xss)
#   Set larger code cache with -XX:ReservedCodeCacheSize=
#   JVM is running with Unscaled Compressed Oops mode in which the Java heap is
#     placed in the first 4GB address space. The Java Heap base address is the
#     maximum limit for the native heap growth. Please use -XX:HeapBaseMinAddress
#     to set the Java Heap base and to place the Java Heap above 4GB virtual address.
# This output file may be truncated or incomplete.
#
#  Out of Memory Error (allocation.cpp:389), pid=9500, tid=0x0000000000002f28
#
# JRE version: OpenJDK Runtime Environment (8.0_242-b01) (build 1.8.0_242-release-1644-b01)
# Java VM: OpenJDK 64-Bit Server VM (25.242-b01 mixed mode windows-amd64 compressed oops)
# Failed to write core dump. Minidumps are not enabled by default on client versions of Windows
#

---------------  T H R E A D  ---------------

Current thread (0x0000000014347800):  JavaThread "C2 CompilerThread0" daemon [_thread_in_native, id=12072, stack(0x00000000159a0000,0x0000000015aa0000)]

Stack: [0x00000000159a0000,0x0000000015aa0000]
[error occurred during error reporting (printing stack bounds), id 0xc0000005]

Native frames: (J=compiled Java code, j=interpreted, Vv=VM code, C=native code)


Current CompileTask:
C2:  34362 6036 %     4       org.gradle.internal.instantiation.generator.AbstractClassGenerator::inspectType @ 250 (560 bytes)


---------------  P R O C E S S  ---------------

Java Threads: ( => current thread )
  0x000000001b64e800 JavaThread "Memory manager" [_thread_blocked, id=40956, stack(0x0000000027000000,0x0000000027100000)]
  0x000000001b653000 JavaThread "Cache worker for execution history cache (C:\Users\A4nold\AndroidStudioProjects\SimpleUserLoginAndRegistrationTest\.gradle\6.5\executionHistory)" [_thread_blocked, id=31020, stack(0x0000000027750000,0x0000000027850000)]
  0x000000001c112000 JavaThread "pool-1-thread-1" [_thread_blocked, id=26316, stack(0x0000000026500000,0x0000000026600000)]
  0x000000001c111800 JavaThread "jar transforms Thread 92" [_thread_blocked, id=17220, stack(0x0000000026200000,0x0000000026300000)]
  0x000000001c110800 JavaThread "jar transforms Thread 91" [_thread_blocked, id=38088, stack(0x0000000026100000,0x0000000026200000)]
  0x000000001c10f800 JavaThread "jar transforms Thread 90" [_thread_blocked, id=29820, stack(0x0000000026000000,0x0000000026100000)]
  0x000000001c10f000 JavaThread "jar transforms Thread 89" [_thread_blocked, id=35356, stack(0x0000000025f00000,0x0000000026000000)]
  0x000000001c10e000 JavaThread "jar transforms Thread 88" [_thread_blocked, id=10660, stack(0x0000000025e00000,0x0000000025f00000)]
  0x000000001c10d800 JavaThread "jar transforms Thread 87" [_thread_blocked, id=13472, stack(0x0000000025d00000,0x0000000025e00000)]
  0x000000001c113000 JavaThread "jar transforms Thread 86" [_thread_blocked, id=13916, stack(0x0000000025c00000,0x0000000025d00000)]
  0x000000001c106000 JavaThread "jar transforms Thread 85" [_thread_blocked, id=27404, stack(0x0000000025b00000,0x0000000025c00000)]
  0x000000001c10c800 JavaThread "jar transforms Thread 84" [_thread_blocked, id=28172, stack(0x0000000025a00000,0x0000000025b00000)]
  0x000000001c10b000 JavaThread "jar transforms Thread 83" [_thread_blocked, id=30228, stack(0x0000000025900000,0x0000000025a00000)]
  0x000000001c10c000 JavaThread "jar transforms Thread 82" [_thread_blocked, id=33292, stack(0x0000000025800000,0x0000000025900000)]
  0x000000001c109000 JavaThread "jar transforms Thread 81" [_thread_blocked, id=22788, stack(0x0000000025700000,0x0000000025800000)]
  0x000000001c107800 JavaThread "jar transforms Thread 80" [_thread_blocked, id=28620, stack(0x0000000025600000,0x0000000025700000)]
  0x000000001c104800 JavaThread "jar transforms Thread 79" [_thread_blocked, id=14308, stack(0x0000000025500000,0x0000000025600000)]
  0x000000001c106800 JavaThread "jar transforms Thread 78" [_thread_blocked, id=38476, stack(0x0000000025400000,0x0000000025500000)]
  0x000000001c103800 JavaThread "jar transforms Thread 77" [_thread_blocked, id=20904, stack(0x0000000025300000,0x0000000025400000)]
  0x000000001c10a800 JavaThread "jar transforms Thread 76" [_thread_blocked, id=26260, stack(0x0000000025200000,0x0000000025300000)]
  0x000000001c108000 JavaThread "jar transforms Thread 75" [_thread_blocked, id=41988, stack(0x0000000025100000,0x0000000025200000)]
  0x000000001c109800 JavaThread "jar transforms Thread 74" [_thread_blocked, id=18824, stack(0x0000000024e00000,0x0000000024f00000)]
  0x000000001c105000 JavaThread "jar transforms Thread 73" [_thread_blocked, id=30904, stack(0x0000000024d00000,0x0000000024e00000)]
  0x000000001865e000 JavaThread "jar transforms Thread 72" [_thread_blocked, id=21988, stack(0x0000000024c00000,0x0000000024d00000)]
  0x000000001865b800 JavaThread "jar transforms Thread 71" [_thread_blocked, id=37604, stack(0x0000000024b00000,0x0000000024c00000)]
  0x000000001865b000 JavaThread "jar transforms Thread 70" [_thread_blocked, id=5832, stack(0x0000000024a00000,0x0000000024b00000)]
  0x0000000018659800 JavaThread "jar transforms Thread 69" [_thread_blocked, id=36256, stack(0x0000000024900000,0x0000000024a00000)]
  0x000000001865a000 JavaThread "jar transforms Thread 68" [_thread_blocked, id=8600, stack(0x0000000024800000,0x0000000024900000)]
  0x000000001865c800 JavaThread "jar transforms Thread 67" [_thread_blocked, id=32672, stack(0x0000000024700000,0x0000000024800000)]
  0x000000001865e800 JavaThread "jar transforms Thread 66" [_thread_blocked, id=1396, stack(0x0000000024600000,0x0000000024700000)]
  0x0000000018658800 JavaThread "jar transforms Thread 65" [_thread_blocked, id=27324, stack(0x0000000024500000,0x0000000024600000)]
  0x000000001865d000 JavaThread "jar transforms Thread 64" [_thread_blocked, id=28424, stack(0x0000000024400000,0x0000000024500000)]
  0x0000000018652800 JavaThread "jar transforms Thread 63" [_thread_blocked, id=716, stack(0x0000000024300000,0x0000000024400000)]
  0x0000000018658000 JavaThread "jar transforms Thread 62" [_thread_blocked, id=21808, stack(0x0000000024200000,0x0000000024300000)]
  0x0000000018657000 JavaThread "jar transforms Thread 61" [_thread_blocked, id=2348, stack(0x0000000024100000,0x0000000024200000)]
  0x000000001864f800 JavaThread "jar transforms Thread 60" [_thread_blocked, id=20764, stack(0x0000000024000000,0x0000000024100000)]
  0x0000000018653000 JavaThread "jar transforms Thread 59" [_thread_blocked, id=15696, stack(0x0000000023f00000,0x0000000024000000)]
  0x0000000018656800 JavaThread "jar transforms Thread 58" [_thread_blocked, id=34916, stack(0x0000000023e00000,0x0000000023f00000)]
  0x0000000018655800 JavaThread "jar transforms Thread 57" [_thread_blocked, id=8608, stack(0x0000000023d00000,0x0000000023e00000)]
  0x0000000018651800 JavaThread "jar transforms Thread 56" [_thread_blocked, id=24940, stack(0x0000000023c00000,0x0000000023d00000)]
  0x0000000018651000 JavaThread "jar transforms Thread 55" [_thread_blocked, id=17356, stack(0x0000000023b00000,0x0000000023c00000)]
  0x0000000018650000 JavaThread "jar transforms Thread 54" [_thread_blocked, id=19948, stack(0x0000000023a00000,0x0000000023b00000)]
  0x0000000018654800 JavaThread "jar transforms Thread 53" [_thread_blocked, id=8112, stack(0x0000000023900000,0x0000000023a00000)]
  0x0000000018654000 JavaThread "jar transforms Thread 52" [_thread_blocked, id=19352, stack(0x0000000023800000,0x0000000023900000)]
  0x000000001c9ee800 JavaThread "jar transforms Thread 51" [_thread_blocked, id=30104, stack(0x0000000023700000,0x0000000023800000)]
  0x000000001c9eb800 JavaThread "jar transforms Thread 50" [_thread_blocked, id=10000, stack(0x0000000023600000,0x0000000023700000)]
  0x000000001c9e7000 JavaThread "jar transforms Thread 49" [_thread_blocked, id=41964, stack(0x0000000023500000,0x0000000023600000)]
  0x000000001c9ea000 JavaThread "jar transforms Thread 48" [_thread_blocked, id=35312, stack(0x0000000023400000,0x0000000023500000)]
  0x000000001c9ed000 JavaThread "jar transforms Thread 47" [_thread_blocked, id=16988, stack(0x0000000023300000,0x0000000023400000)]
  0x000000001c9ee000 JavaThread "jar transforms Thread 46" [_thread_blocked, id=21628, stack(0x0000000023200000,0x0000000023300000)]
  0x000000001c9ec800 JavaThread "jar transforms Thread 45" [_thread_blocked, id=28684, stack(0x0000000023100000,0x0000000023200000)]
  0x000000001c9e9800 JavaThread "jar transforms Thread 44" [_thread_blocked, id=33060, stack(0x0000000023000000,0x0000000023100000)]
  0x000000001c9eb000 JavaThread "jar transforms Thread 43" [_thread_blocked, id=21204, stack(0x0000000022f00000,0x0000000023000000)]
  0x000000001c9e4000 JavaThread "jar transforms Thread 42" [_thread_blocked, id=13396, stack(0x0000000022e00000,0x0000000022f00000)]
  0x000000001c9e2800 JavaThread "jar transforms Thread 41" [_thread_blocked, id=24780, stack(0x0000000022d00000,0x0000000022e00000)]
  0x000000001c9e6800 JavaThread "jar transforms Thread 40" [_thread_blocked, id=72, stack(0x0000000022c00000,0x0000000022d00000)]
  0x000000001c9e8800 JavaThread "jar transforms Thread 39" [_thread_blocked, id=8988, stack(0x0000000022b00000,0x0000000022c00000)]
  0x000000001c9e8000 JavaThread "jar transforms Thread 38" [_thread_blocked, id=14700, stack(0x0000000022a00000,0x0000000022b00000)]
  0x000000001c9df800 JavaThread "jar transforms Thread 37" [_thread_blocked, id=12964, stack(0x0000000022900000,0x0000000022a00000)]
  0x000000001c9e1000 JavaThread "jar transforms Thread 36" [_thread_blocked, id=41596, stack(0x0000000022800000,0x0000000022900000)]
  0x000000001c9e2000 JavaThread "jar transforms Thread 35" [_thread_blocked, id=5524, stack(0x0000000022700000,0x0000000022800000)]
  0x000000001c9e5800 JavaThread "jar transforms Thread 34" [_thread_blocked, id=9264, stack(0x0000000022600000,0x0000000022700000)]
  0x000000001c9e3800 JavaThread "jar transforms Thread 33" [_thread_blocked, id=15040, stack(0x0000000022500000,0x0000000022600000)]
  0x000000001c9e0800 JavaThread "jar transforms Thread 32" [_thread_blocked, id=16712, stack(0x0000000022400000,0x0000000022500000)]
  0x000000001c9e5000 JavaThread "jar transforms Thread 31" [_thread_blocked, id=26812, stack(0x0000000022300000,0x0000000022400000)]
  0x000000001b4d6800 JavaThread "jar transforms Thread 30" [_thread_blocked, id=13976, stack(0x0000000022200000,0x0000000022300000)]
  0x000000001b4d1000 JavaThread "jar transforms Thread 29" [_thread_blocked, id=12524, stack(0x0000000022100000,0x0000000022200000)]
  0x000000001b4d4000 JavaThread "jar transforms Thread 28" [_thread_blocked, id=19180, stack(0x0000000022000000,0x0000000022100000)]
  0x000000001b4d0800 JavaThread "jar transforms Thread 27" [_thread_blocked, id=38624, stack(0x0000000021f00000,0x0000000022000000)]
  0x000000001b4d2800 JavaThread "jar transforms Thread 26" [_thread_blocked, id=16164, stack(0x0000000021e00000,0x0000000021f00000)]
  0x000000001b4cf800 JavaThread "Build operations Thread 4" [_thread_blocked, id=24256, stack(0x0000000020cf0000,0x0000000020df0000)]
  0x000000001b4d3800 JavaThread "Build operations Thread 3" [_thread_blocked, id=9408, stack(0x0000000020bf0000,0x0000000020cf0000)]
  0x000000001b4d5800 JavaThread "Build operations Thread 2" [_thread_blocked, id=41372, stack(0x0000000020830000,0x0000000020930000)]
  0x000000001b4d2000 JavaThread "Build operations" [_thread_blocked, id=22364, stack(0x0000000020730000,0x0000000020830000)]
  0x000000001b4d5000 JavaThread "Cache worker for Build Output Cleanup Cache (C:\Users\A4nold\AndroidStudioProjects\SimpleUserLoginAndRegistrationTest\.gradle\buildOutputCleanup)" [_thread_blocked, id=8072, stack(0x000000001f040000,0x000000001f140000)]
  0x000000001b4cb000 JavaThread "Cache worker for file content cache (C:\Users\A4nold\.gradle\caches\6.5\fileContent)" [_thread_blocked, id=28948, stack(0x000000001ef40000,0x000000001f040000)]
  0x000000001b4cc800 JavaThread "Cache worker for execution history cache (C:\Users\A4nold\.gradle\caches\6.5\executionHistory)" [_thread_blocked, id=26380, stack(0x000000001ea40000,0x000000001eb40000)]
  0x0000000016f57800 JavaThread "Cache worker for cache directory md-rule (C:\Users\A4nold\.gradle\caches\6.5\md-rule)" [_thread_blocked, id=23724, stack(0x000000001e740000,0x000000001e840000)]
  0x0000000016f54800 JavaThread "Cache worker for cache directory md-supplier (C:\Users\A4nold\.gradle\caches\6.5\md-supplier)" [_thread_blocked, id=21368, stack(0x000000001e640000,0x000000001e740000)]
  0x0000000016f56000 JavaThread "Cache worker for checksums cache (C:\Users\A4nold\AndroidStudioProjects\SimpleUserLoginAndRegistrationTest\.gradle\checksums)" [_thread_blocked, id=31892, stack(0x000000001e540000,0x000000001e640000)]
  0x0000000016f54000 JavaThread "jar transforms Thread 25" [_thread_blocked, id=28828, stack(0x000000001e240000,0x000000001e340000)]
  0x0000000016f53000 JavaThread "jar transforms Thread 24" [_thread_blocked, id=25120, stack(0x000000001e140000,0x000000001e240000)]
  0x0000000016f55800 JavaThread "jar transforms Thread 23" [_thread_blocked, id=7732, stack(0x000000001e040000,0x000000001e140000)]
  0x0000000016f57000 JavaThread "jar transforms Thread 22" [_thread_blocked, id=11516, stack(0x000000001df40000,0x000000001e040000)]
  0x0000000016f4b800 JavaThread "jar transforms Thread 21" [_thread_blocked, id=9044, stack(0x000000001de40000,0x000000001df40000)]
  0x0000000016f52800 JavaThread "jar transforms Thread 20" [_thread_blocked, id=13688, stack(0x000000001dd40000,0x000000001de40000)]
  0x0000000016f51800 JavaThread "jar transforms Thread 19" [_thread_blocked, id=19240, stack(0x000000001dc40000,0x000000001dd40000)]
  0x0000000016f51000 JavaThread "jar transforms Thread 18" [_thread_blocked, id=25656, stack(0x000000001db40000,0x000000001dc40000)]
  0x0000000016f50000 JavaThread "jar transforms Thread 17" [_thread_blocked, id=21840, stack(0x000000001da40000,0x000000001db40000)]
  0x0000000016f48800 JavaThread "jar transforms Thread 16" [_thread_blocked, id=32432, stack(0x000000001d940000,0x000000001da40000)]
  0x0000000016f4f800 JavaThread "jar transforms Thread 15" [_thread_blocked, id=41152, stack(0x000000001d840000,0x000000001d940000)]
  0x0000000016f4b000 JavaThread "jar transforms Thread 14" [_thread_blocked, id=3596, stack(0x000000001d740000,0x000000001d840000)]
  0x0000000016f4c800 JavaThread "jar transforms Thread 13" [_thread_blocked, id=8172, stack(0x000000001d640000,0x000000001d740000)]
  0x0000000016f4e800 JavaThread "jar transforms Thread 12" [_thread_blocked, id=21660, stack(0x000000001d540000,0x000000001d640000)]
  0x0000000016f4d000 JavaThread "jar transforms Thread 11" [_thread_blocked, id=13820, stack(0x000000001d440000,0x000000001d540000)]
  0x0000000016f4e000 JavaThread "jar transforms Thread 10" [_thread_blocked, id=6908, stack(0x000000001d340000,0x000000001d440000)]
  0x0000000016f4a000 JavaThread "jar transforms Thread 9" [_thread_blocked, id=15396, stack(0x000000001d240000,0x000000001d340000)]
  0x0000000016f49800 JavaThread "jar transforms Thread 8" [_thread_blocked, id=9768, stack(0x000000001d140000,0x000000001d240000)]
  0x0000000017199000 JavaThread "jar transforms Thread 7" [_thread_blocked, id=24408, stack(0x000000001d040000,0x000000001d140000)]
  0x0000000017197000 JavaThread "jar transforms Thread 6" [_thread_blocked, id=2976, stack(0x000000001cf40000,0x000000001d040000)]
  0x0000000017198800 JavaThread "jar transforms Thread 5" [_thread_blocked, id=19580, stack(0x000000001ce40000,0x000000001cf40000)]
  0x000000001719d800 JavaThread "jar transforms Thread 4" [_thread_blocked, id=25440, stack(0x000000001cd40000,0x000000001ce40000)]
  0x000000001719d000 JavaThread "jar transforms Thread 3" [_thread_blocked, id=38040, stack(0x000000001b9f0000,0x000000001baf0000)]
  0x000000001719a800 JavaThread "jar transforms Thread 2" [_thread_blocked, id=39356, stack(0x000000001b8f0000,0x000000001b9f0000)]
  0x000000001719a000 JavaThread "jar transforms" [_thread_blocked, id=34004, stack(0x000000001b7f0000,0x000000001b8f0000)]
  0x000000001719b800 JavaThread "Cache worker for file hash cache (C:\Users\A4nold\AndroidStudioProjects\SimpleUserLoginAndRegistrationTest\.gradle\6.5\fileHashes)" [_thread_blocked, id=15836, stack(0x000000001b6f0000,0x000000001b7f0000)]
  0x000000001719c000 JavaThread "Cache worker for file hash cache (C:\Users\A4nold\.gradle\caches\6.5\fileHashes)" [_thread_blocked, id=35092, stack(0x000000001a420000,0x000000001a520000)]
  0x0000000017197800 JavaThread "File lock request listener" [_thread_in_native, id=18724, stack(0x000000001a320000,0x000000001a420000)]
  0x000000001719f000 JavaThread "Cache worker for journal cache (C:\Users\A4nold\.gradle\caches\journal-1)" [_thread_blocked, id=11192, stack(0x000000001a120000,0x000000001a220000)]
  0x0000000016c3e000 JavaThread "Thread-9" [_thread_blocked, id=31048, stack(0x0000000019e20000,0x0000000019f20000)]
  0x0000000016c3c800 JavaThread "Stdin handler" [_thread_blocked, id=27836, stack(0x0000000019d20000,0x0000000019e20000)]
  0x00000000165b5000 JavaThread "Asynchronous log dispatcher for DefaultDaemonConnection: socket connection from /127.0.0.1:51702 to /127.0.0.1:51703" [_thread_blocked, id=15988, stack(0x0000000019c20000,0x0000000019d20000)]
  0x00000000165b4800 JavaThread "Daemon worker" [_thread_in_vm, id=28548, stack(0x0000000019b20000,0x0000000019c20000)]
  0x00000000165b3000 JavaThread "Cancel handler" [_thread_blocked, id=20976, stack(0x0000000019a20000,0x0000000019b20000)]
  0x00000000180be000 JavaThread "Handler for socket connection from /127.0.0.1:51702 to /127.0.0.1:51703" [_thread_in_native, id=14260, stack(0x0000000019920000,0x0000000019a20000)]
  0x0000000018059000 JavaThread "Daemon" [_thread_blocked, id=1488, stack(0x0000000019820000,0x0000000019920000)]
  0x00000000180b7000 JavaThread "Daemon periodic checks" [_thread_blocked, id=31028, stack(0x0000000019520000,0x0000000019620000)]
  0x0000000018037000 JavaThread "Incoming local TCP Connector on port 51702" [_thread_in_native, id=21620, stack(0x00000000192e0000,0x00000000193e0000)]
  0x0000000017cce000 JavaThread "Daemon health stats" [_thread_blocked, id=17392, stack(0x0000000018ca0000,0x0000000018da0000)]
  0x000000001439e800 JavaThread "Service Thread" daemon [_thread_blocked, id=3444, stack(0x00000000160a0000,0x00000000161a0000)]
  0x0000000014359800 JavaThread "C1 CompilerThread2" daemon [_thread_blocked, id=7548, stack(0x0000000015ba0000,0x0000000015ca0000)]
  0x000000001434c800 JavaThread "C2 CompilerThread1" daemon [_thread_in_native, id=34288, stack(0x0000000015aa0000,0x0000000015ba0000)]
=>0x0000000014347800 JavaThread "C2 CompilerThread0" daemon [_thread_in_native, id=12072, stack(0x00000000159a0000,0x0000000015aa0000)]
  0x0000000014342800 JavaThread "Attach Listener" daemon [_thread_blocked, id=9396, stack(0x00000000158a0000,0x00000000159a0000)]
  0x0000000014341000 JavaThread "Signal Dispatcher" daemon [_thread_blocked, id=29632, stack(0x00000000157a0000,0x00000000158a0000)]
  0x0000000002f1b800 JavaThread "Finalizer" daemon [_thread_blocked, id=38844, stack(0x00000000155a0000,0x00000000156a0000)]
  0x0000000014329000 JavaThread "Reference Handler" daemon [_thread_blocked, id=40044, stack(0x00000000154a0000,0x00000000155a0000)]
  0x0000000002d1e800 JavaThread "main" [_thread_blocked, id=25420, stack(0x0000000002d20000,0x0000000002e20000)]

Other Threads:
  0x0000000014306800 VMThread [stack: 0x00000000153a0000,0x00000000154a0000] [id=2248]
  0x0000000015cdb800 WatcherThread [stack: 0x00000000161a0000,0x00000000162a0000] [id=2112]

VM state:not at safepoint (normal execution)

VM Mutex/Monitor currently owned by a thread: None

heap address: 0x00000000e0000000, size: 512 MB, Compressed Oops mode: 32-bit
Narrow klass base: 0x0000000000000000, Narrow klass shift: 3
Compressed class space size: 1073741824 Address: 0x0000000100000000

Heap:
 PSYoungGen      total 130048K, used 16033K [0x00000000f5580000, 0x0000000100000000, 0x0000000100000000)
  eden space 116224K, 5% used [0x00000000f5580000,0x00000000f5c191a8,0x00000000fc700000)
  from space 13824K, 67% used [0x00000000fc700000,0x00000000fd00f298,0x00000000fd480000)
  to   space 13824K, 0% used [0x00000000ff280000,0x00000000ff280000,0x0000000100000000)
 ParOldGen       total 129536K, used 34877K [0x00000000e0000000, 0x00000000e7e80000, 0x00000000f5580000)
  object space 129536K, 26% used [0x00000000e0000000,0x00000000e220f6a8,0x00000000e7e80000)
 Metaspace       used 62318K, capacity 65046K, committed 65240K, reserved 1105920K
  class space    used 8578K, capacity 9123K, committed 9216K, reserved 1048576K

Card table byte_map: [0x00000000122e0000,0x00000000123f0000] byte_map_base: 0x0000000011be0000

Marking Bits: (ParMarkBitMap*) 0x000000005becf030
 Begin Bits: [0x00000000128a0000, 0x00000000130a0000)
 End Bits:   [0x00000000130a0000, 0x00000000138a0000)

Polling page: 0x0000000002b60000

CodeCache: size=245760Kb used=18368Kb max_used=18712Kb free=227391Kb
 bounds [0x0000000002f20000, 0x0000000004180000, 0x0000000011f20000]
 total_blobs=6032 nmethods=5247 adapters=697
 compilation: enabled

Compilation events (10 events):
Event: 34.235 Thread 0x0000000014359800 6039       3       org.gradle.internal.instantiation.generator.Jsr330ConstructorSelector::forParams (6 bytes)
Event: 34.235 Thread 0x0000000014359800 nmethod 6039 0x0000000003bddf10 code [0x0000000003bde0c0, 0x0000000003bde6c8]
Event: 34.237 Thread 0x000000001434c800 nmethod 6037 0x00000000037cf4d0 code [0x00000000037cf620, 0x00000000037cf738]
Event: 34.237 Thread 0x000000001434c800 6038       4       org.gradle.api.internal.provider.Collectors$ElementFromProvider::isProvidedBy (9 bytes)
Event: 34.238 Thread 0x000000001434c800 nmethod 6038 0x00000000037cf190 code [0x00000000037cf2e0, 0x00000000037cf3b8]
Event: 34.238 Thread 0x000000001434c800 6040       4       org.objectweb.asm.Frame::execute (2318 bytes)
Event: 34.349 Thread 0x0000000014359800 6042       3       org.gradle.internal.instantiation.generator.Jsr330ConstructorSelector::vetoParameters (71 bytes)
Event: 34.349 Thread 0x0000000014359800 nmethod 6042 0x00000000037ce790 code [0x00000000037ce960, 0x00000000037cef08]
Event: 34.350 Thread 0x0000000014359800 6043       3       org.gradle.tooling.internal.provider.runner.ToolingApiBuildEventListenerFactory$1::finished (1 bytes)
Event: 34.350 Thread 0x0000000014359800 nmethod 6043 0x0000000003cbee50 code [0x0000000003cbefa0, 0x0000000003cbf0f0]

GC Heap History (10 events):
Event: 18.800 GC heap before
{Heap before GC invocations=14 (full 2):
 PSYoungGen      total 79360K, used 74763K [0x00000000f5580000, 0x00000000fc380000, 0x0000000100000000)
  eden space 68096K, 100% used [0x00000000f5580000,0x00000000f9800000,0x00000000f9800000)
  from space 11264K, 59% used [0x00000000f9800000,0x00000000f9e82f90,0x00000000fa300000)
  to   space 10752K, 0% used [0x00000000fb900000,0x00000000fb900000,0x00000000fc380000)
 ParOldGen       total 85504K, used 15090K [0x00000000e0000000, 0x00000000e5380000, 0x00000000f5580000)
  object space 85504K, 17% used [0x00000000e0000000,0x00000000e0ebcb10,0x00000000e5380000)
 Metaspace       used 40025K, capacity 41924K, committed 42072K, reserved 1085440K
  class space    used 5506K, capacity 5890K, committed 6016K, reserved 1048576K
Event: 18.831 GC heap after
Heap after GC invocations=14 (full 2):
 PSYoungGen      total 98816K, used 5341K [0x00000000f5580000, 0x00000000fc200000, 0x0000000100000000)
  eden space 89600K, 0% used [0x00000000f5580000,0x00000000f5580000,0x00000000fad00000)
  from space 9216K, 57% used [0x00000000fb900000,0x00000000fbe37458,0x00000000fc200000)
  to   space 10752K, 0% used [0x00000000fad00000,0x00000000fad00000,0x00000000fb780000)
 ParOldGen       total 85504K, used 19014K [0x00000000e0000000, 0x00000000e5380000, 0x00000000f5580000)
  object space 85504K, 22% used [0x00000000e0000000,0x00000000e1291a10,0x00000000e5380000)
 Metaspace       used 40025K, capacity 41924K, committed 42072K, reserved 1085440K
  class space    used 5506K, capacity 5890K, committed 6016K, reserved 1048576K
}
Event: 23.877 GC heap before
{Heap before GC invocations=15 (full 2):
 PSYoungGen      total 98816K, used 94941K [0x00000000f5580000, 0x00000000fc200000, 0x0000000100000000)
  eden space 89600K, 100% used [0x00000000f5580000,0x00000000fad00000,0x00000000fad00000)
  from space 9216K, 57% used [0x00000000fb900000,0x00000000fbe37458,0x00000000fc200000)
  to   space 10752K, 0% used [0x00000000fad00000,0x00000000fad00000,0x00000000fb780000)
 ParOldGen       total 85504K, used 19014K [0x00000000e0000000, 0x00000000e5380000, 0x00000000f5580000)
  object space 85504K, 22% used [0x00000000e0000000,0x00000000e1291a10,0x00000000e5380000)
 Metaspace       used 49328K, capacity 51412K, committed 51672K, reserved 1093632K
  class space    used 6654K, capacity 7074K, committed 7168K, reserved 1048576K
Event: 23.933 GC heap after
Heap after GC invocations=15 (full 2):
 PSYoungGen      total 100352K, used 10732K [0x00000000f5580000, 0x00000000fe180000, 0x0000000100000000)
  eden space 89600K, 0% used [0x00000000f5580000,0x00000000f5580000,0x00000000fad00000)
  from space 10752K, 99% used [0x00000000fad00000,0x00000000fb77b3d8,0x00000000fb780000)
  to   space 13312K, 0% used [0x00000000fd480000,0x00000000fd480000,0x00000000fe180000)
 ParOldGen       total 85504K, used 22688K [0x00000000e0000000, 0x00000000e5380000, 0x00000000f5580000)
  object space 85504K, 26% used [0x00000000e0000000,0x00000000e1628308,0x00000000e5380000)
 Metaspace       used 49328K, capacity 51412K, committed 51672K, reserved 1093632K
  class space    used 6654K, capacity 7074K, committed 7168K, reserved 1048576K
}
Event: 29.246 GC heap before
{Heap before GC invocations=16 (full 2):
 PSYoungGen      total 100352K, used 93113K [0x00000000f5580000, 0x00000000fe180000, 0x0000000100000000)
  eden space 89600K, 91% used [0x00000000f5580000,0x00000000fa5f32b8,0x00000000fad00000)
  from space 10752K, 99% used [0x00000000fad00000,0x00000000fb77b3d8,0x00000000fb780000)
  to   space 13312K, 0% used [0x00000000fd480000,0x00000000fd480000,0x00000000fe180000)
 ParOldGen       total 85504K, used 22688K [0x00000000e0000000, 0x00000000e5380000, 0x00000000f5580000)
  object space 85504K, 26% used [0x00000000e0000000,0x00000000e1628308,0x00000000e5380000)
 Metaspace       used 56618K, capacity 58974K, committed 59028K, reserved 1099776K
  class space    used 7705K, capacity 8192K, committed 8192K, reserved 1048576K
Event: 29.438 GC heap after
Heap after GC invocations=16 (full 2):
 PSYoungGen      total 129536K, used 10452K [0x00000000f5580000, 0x00000000fe680000, 0x0000000100000000)
  eden space 116224K, 0% used [0x00000000f5580000,0x00000000f5580000,0x00000000fc700000)
  from space 13312K, 78% used [0x00000000fd480000,0x00000000fdeb51a8,0x00000000fe180000)
  to   space 13824K, 0% used [0x00000000fc700000,0x00000000fc700000,0x00000000fd480000)
 ParOldGen       total 85504K, used 28196K [0x00000000e0000000, 0x00000000e5380000, 0x00000000f5580000)
  object space 85504K, 32% used [0x00000000e0000000,0x00000000e1b890f8,0x00000000e5380000)
 Metaspace       used 56618K, capacity 58974K, committed 59028K, reserved 1099776K
  class space    used 7705K, capacity 8192K, committed 8192K, reserved 1048576K
}
Event: 29.438 GC heap before
{Heap before GC invocations=17 (full 3):
 PSYoungGen      total 129536K, used 10452K [0x00000000f5580000, 0x00000000fe680000, 0x0000000100000000)
  eden space 116224K, 0% used [0x00000000f5580000,0x00000000f5580000,0x00000000fc700000)
  from space 13312K, 78% used [0x00000000fd480000,0x00000000fdeb51a8,0x00000000fe180000)
  to   space 13824K, 0% used [0x00000000fc700000,0x00000000fc700000,0x00000000fd480000)
 ParOldGen       total 85504K, used 28196K [0x00000000e0000000, 0x00000000e5380000, 0x00000000f5580000)
  object space 85504K, 32% used [0x00000000e0000000,0x00000000e1b890f8,0x00000000e5380000)
 Metaspace       used 56618K, capacity 58974K, committed 59028K, reserved 1099776K
  class space    used 7705K, capacity 8192K, committed 8192K, reserved 1048576K
Event: 30.193 GC heap after
Heap after GC invocations=17 (full 3):
 PSYoungGen      total 129536K, used 0K [0x00000000f5580000, 0x00000000fe680000, 0x0000000100000000)
  eden space 116224K, 0% used [0x00000000f5580000,0x00000000f5580000,0x00000000fc700000)
  from space 13312K, 0% used [0x00000000fd480000,0x00000000fd480000,0x00000000fe180000)
  to   space 13824K, 0% used [0x00000000fc700000,0x00000000fc700000,0x00000000fd480000)
 ParOldGen       total 129536K, used 34869K [0x00000000e0000000, 0x00000000e7e80000, 0x00000000f5580000)
  object space 129536K, 26% used [0x00000000e0000000,0x00000000e220d6a8,0x00000000e7e80000)
 Metaspace       used 56618K, capacity 58974K, committed 59028K, reserved 1099776K
  class space    used 7705K, capacity 8192K, committed 8192K, reserved 1048576K
}
Event: 34.103 GC heap before
{Heap before GC invocations=18 (full 3):
 PSYoungGen      total 129536K, used 116224K [0x00000000f5580000, 0x00000000fe680000, 0x0000000100000000)
  eden space 116224K, 100% used [0x00000000f5580000,0x00000000fc700000,0x00000000fc700000)
  from space 13312K, 0% used [0x00000000fd480000,0x00000000fd480000,0x00000000fe180000)
  to   space 13824K, 0% used [0x00000000fc700000,0x00000000fc700000,0x00000000fd480000)
 ParOldGen       total 129536K, used 34869K [0x00000000e0000000, 0x00000000e7e80000, 0x00000000f5580000)
  object space 129536K, 26% used [0x00000000e0000000,0x00000000e220d6a8,0x00000000e7e80000)
 Metaspace       used 62201K, capacity 64866K, committed 65112K, reserved 1105920K
  class space    used 8554K, capacity 9087K, committed 9088K, reserved 1048576K
Event: 34.196 GC heap after
Heap after GC invocations=18 (full 3):
 PSYoungGen      total 130048K, used 9276K [0x00000000f5580000, 0x0000000100000000, 0x0000000100000000)
  eden space 116224K, 0% used [0x00000000f5580000,0x00000000f5580000,0x00000000fc700000)
  from space 13824K, 67% used [0x00000000fc700000,0x00000000fd00f298,0x00000000fd480000)
  to   space 13824K, 0% used [0x00000000ff280000,0x00000000ff280000,0x0000000100000000)
 ParOldGen       total 129536K, used 34877K [0x00000000e0000000, 0x00000000e7e80000, 0x00000000f5580000)
  object space 129536K, 26% used [0x00000000e0000000,0x00000000e220f6a8,0x00000000e7e80000)
 Metaspace       used 62201K, capacity 64866K, committed 65112K, reserved 1105920K
  class space    used 8554K, capacity 9087K, committed 9088K, reserved 1048576K
}

Deoptimization events (10 events):
Event: 32.887 Thread 0x00000000165b4800 Uncommon trap: reason=unstable_if action=reinterpret pc=0x000000000402990c method=org.objectweb.asm.Type.getArgumentsAndReturnSizes(Ljava/lang/String;)I @ 117
Event: 32.887 Thread 0x00000000165b4800 Uncommon trap: reason=unstable_if action=reinterpret pc=0x0000000003aa5630 method=org.objectweb.asm.Type.getArgumentsAndReturnSizes(Ljava/lang/String;)I @ 117
Event: 32.887 Thread 0x00000000165b4800 Uncommon trap: reason=unstable_if action=reinterpret pc=0x0000000003d7c540 method=org.objectweb.asm.Type.getArgumentsAndReturnSizes(Ljava/lang/String;)I @ 19
Event: 33.292 Thread 0x00000000165b4800 Uncommon trap: reason=unstable_if action=reinterpret pc=0x000000000324dd3c method=java.util.HashMap.resize()[Ljava/util/HashMap$Node; @ 206
Event: 33.292 Thread 0x00000000165b4800 Uncommon trap: reason=unstable_if action=reinterpret pc=0x0000000003cb46b4 method=java.util.HashMap.getNode(ILjava/lang/Object;)Ljava/util/HashMap$Node; @ 84
Event: 33.293 Thread 0x00000000165b4800 Uncommon trap: reason=unstable_if action=reinterpret pc=0x0000000003f70f6c method=java.util.HashMap.getNode(ILjava/lang/Object;)Ljava/util/HashMap$Node; @ 84
Event: 33.293 Thread 0x00000000165b4800 Uncommon trap: reason=unstable_if action=reinterpret pc=0x0000000003607ce0 method=java.util.HashMap.getNode(ILjava/lang/Object;)Ljava/util/HashMap$Node; @ 84
Event: 33.377 Thread 0x00000000165b4800 Uncommon trap: reason=unstable_if action=reinterpret pc=0x0000000003a79374 method=java.io.WinNTFileSystem.normalize(Ljava/lang/String;)Ljava/lang/String; @ 74
Event: 33.377 Thread 0x00000000165b4800 Uncommon trap: reason=unstable_if action=reinterpret pc=0x000000000350dd6c method=java.io.WinNTFileSystem.normalize(Ljava/lang/String;II)Ljava/lang/String; @ 103
Event: 34.201 Thread 0x0000000002f1b800 Uncommon trap: reason=unstable_if action=reinterpret pc=0x00000000034fcd78 method=java.util.HashMap$HashIterator.<init>(Ljava/util/HashMap;)V @ 45

Classes redefined (0 events):
No events

Internal exceptions (10 events):
Event: 33.173 Thread 0x00000000165b4800 Exception <a 'java/lang/ClassNotFoundException': org/gradle/api/tasks/testing/AbstractTestTaskBeanInfo> (0x00000000fb2d7300) thrown at [C:\src\AOSP-openjdk-git\hotspot\src\share\vm\classfile\systemDictionary.cpp, line 210]
Event: 33.174 Thread 0x00000000165b4800 Exception <a 'java/lang/ClassNotFoundException': org/gradle/api/tasks/testing/AbstractTestTaskCustomizer> (0x00000000fb302e68) thrown at [C:\src\AOSP-openjdk-git\hotspot\src\share\vm\classfile\systemDictionary.cpp, line 210]
Event: 33.183 Thread 0x00000000165b4800 Exception <a 'java/lang/ClassNotFoundException': org/gradle/api/tasks/testing/TestCustomizer> (0x00000000fb356710) thrown at [C:\src\AOSP-openjdk-git\hotspot\src\share\vm\classfile\systemDictionary.cpp, line 210]
Event: 33.205 Thread 0x00000000165b4800 Exception <a 'java/lang/ClassNotFoundException': com/android/build/gradle/tasks/factory/AndroidUnitTestCustomizer> (0x00000000fb458a38) thrown at [C:\src\AOSP-openjdk-git\hotspot\src\share\vm\classfile\systemDictionary.cpp, line 210]
Event: 33.208 Thread 0x00000000165b4800 Exception <a 'java/lang/ClassNotFoundException': com/android/build/gradle/tasks/factory/AndroidUnitTest_DecoratedCustomizer> (0x00000000fb49dd20) thrown at [C:\src\AOSP-openjdk-git\hotspot\src\share\vm\classfile\systemDictionary.cpp, line 210]
Event: 33.403 Thread 0x00000000165b4800 Exception <a 'java/lang/ClassNotFoundException': org/gradle/api/internal/tasks/DefaultSourceSetContainer_DecoratedBeanInfo> (0x00000000fbcfb000) thrown at [C:\src\AOSP-openjdk-git\hotspot\src\share\vm\classfile\systemDictionary.cpp, line 210]
Event: 33.404 Thread 0x00000000165b4800 Exception <a 'java/lang/ClassNotFoundException': org/gradle/api/internal/tasks/DefaultSourceSetContainerBeanInfo> (0x00000000fbd2a050) thrown at [C:\src\AOSP-openjdk-git\hotspot\src\share\vm\classfile\systemDictionary.cpp, line 210]
Event: 33.405 Thread 0x00000000165b4800 Exception <a 'java/lang/ClassNotFoundException': org/gradle/api/internal/tasks/DefaultSourceSetContainerCustomizer> (0x00000000fbd59bd8) thrown at [C:\src\AOSP-openjdk-git\hotspot\src\share\vm\classfile\systemDictionary.cpp, line 210]
Event: 33.407 Thread 0x00000000165b4800 Exception <a 'java/lang/ClassNotFoundException': org/gradle/api/internal/tasks/DefaultSourceSetContainer_DecoratedCustomizer> (0x00000000fbd9d378) thrown at [C:\src\AOSP-openjdk-git\hotspot\src\share\vm\classfile\systemDictionary.cpp, line 210]
Event: 33.602 Thread 0x00000000165b4800 Exception <a 'java/lang/NoSuchMethodError': java.lang.Object.lambda$identity$2(Ljava/lang/Object;)Ljava/lang/Object;> (0x00000000fc100a78) thrown at [C:\src\AOSP-openjdk-git\hotspot\src\share\vm\interpreter\linkResolver.cpp, line 620]

Events (10 events):
Event: 34.213 loading class com/android/builder/core/VariantType$Companion
Event: 34.213 loading class com/android/builder/core/VariantType$Companion done
Event: 34.222 loading class com/android/build/gradle/tasks/LintFixTask$GlobalCreationAction
Event: 34.222 loading class com/android/build/gradle/tasks/LintFixTask$GlobalCreationAction done
Event: 34.224 loading class com/android/build/gradle/tasks/LintFixTask$GlobalCreationAction$configure$1
Event: 34.224 loading class com/android/build/gradle/tasks/LintFixTask$GlobalCreationAction$configure$1 done
Event: 34.233 loading class com/android/utils/EnvironmentProvider$1
Event: 34.233 loading class com/android/utils/EnvironmentProvider$1 done
Event: 34.351 loading class com/android/build/gradle/internal/tasks/PrepareLintJarForPublish$Companion
Event: 34.360 loading class com/android/build/gradle/internal/tasks/PrepareLintJarForPublish$Companion done


Dynamic libraries:
0x00007ff7bc6a0000 - 0x00007ff7bc6d1000 	C:\Program Files\Android\Android Studio\jre\bin\java.exe
0x00007ffc301f0000 - 0x00007ffc303e5000 	C:\WINDOWS\SYSTEM32\ntdll.dll
0x00007ffc2ec20000 - 0x00007ffc2ecdd000 	C:\WINDOWS\System32\KERNEL32.DLL
0x00007ffc2da90000 - 0x00007ffc2dd58000 	C:\WINDOWS\System32\KERNELBASE.dll
0x00007ffc2eb40000 - 0x00007ffc2ebec000 	C:\WINDOWS\System32\ADVAPI32.dll
0x00007ffc2ece0000 - 0x00007ffc2ed7e000 	C:\WINDOWS\System32\msvcrt.dll
0x00007ffc2e3a0000 - 0x00007ffc2e43b000 	C:\WINDOWS\System32\sechost.dll
0x00007ffc2ed80000 - 0x00007ffc2eeab000 	C:\WINDOWS\System32\RPCRT4.dll
0x00007ffc2e580000 - 0x00007ffc2e720000 	C:\WINDOWS\System32\USER32.dll
0x00007ffc2de70000 - 0x00007ffc2de92000 	C:\WINDOWS\System32\win32u.dll
0x00007ffc2f390000 - 0x00007ffc2f3ba000 	C:\WINDOWS\System32\GDI32.dll
0x00007ffc2dea0000 - 0x00007ffc2dfab000 	C:\WINDOWS\System32\gdi32full.dll
0x00007ffc2dfb0000 - 0x00007ffc2e04d000 	C:\WINDOWS\System32\msvcp_win.dll
0x00007ffc2e130000 - 0x00007ffc2e230000 	C:\WINDOWS\System32\ucrtbase.dll
0x00007ffc22a20000 - 0x00007ffc22cba000 	C:\WINDOWS\WinSxS\amd64_microsoft.windows.common-controls_6595b64144ccf1df_6.0.19041.1052_none_60b8f8fd71f5e8cb\COMCTL32.dll
0x00007ffc2e4f0000 - 0x00007ffc2e520000 	C:\WINDOWS\System32\IMM32.DLL
0x000000005ac90000 - 0x000000005ad62000 	C:\Program Files\Android\Android Studio\jre\jre\bin\msvcr100.dll
0x000000005b700000 - 0x000000005bf4b000 	C:\Program Files\Android\Android Studio\jre\jre\bin\server\jvm.dll
0x00007ffc2f700000 - 0x00007ffc2f708000 	C:\WINDOWS\System32\PSAPI.DLL
0x00007ffc129c0000 - 0x00007ffc129e7000 	C:\WINDOWS\SYSTEM32\WINMM.dll
0x00007ffc23480000 - 0x00007ffc2348a000 	C:\WINDOWS\SYSTEM32\VERSION.dll
0x00007ffc1f250000 - 0x00007ffc1f259000 	C:\WINDOWS\SYSTEM32\WSOCK32.dll
0x00007ffc2eeb0000 - 0x00007ffc2ef1b000 	C:\WINDOWS\System32\WS2_32.dll
0x00007ffc29210000 - 0x00007ffc2921f000 	C:\Program Files\Android\Android Studio\jre\jre\bin\verify.dll
0x00007ffc0c0e0000 - 0x00007ffc0c109000 	C:\Program Files\Android\Android Studio\jre\jre\bin\java.dll
0x00007ffc07930000 - 0x00007ffc07946000 	C:\Program Files\Android\Android Studio\jre\jre\bin\zip.dll
0x00007ffc2fa70000 - 0x00007ffc301af000 	C:\WINDOWS\System32\SHELL32.dll
0x00007ffc2b970000 - 0x00007ffc2c100000 	C:\WINDOWS\SYSTEM32\windows.storage.dll
0x00007ffc2f710000 - 0x00007ffc2fa65000 	C:\WINDOWS\System32\combase.dll
0x00007ffc2d2d0000 - 0x00007ffc2d2fc000 	C:\WINDOWS\SYSTEM32\Wldp.dll
0x00007ffc2e2f0000 - 0x00007ffc2e39e000 	C:\WINDOWS\System32\SHCORE.dll
0x00007ffc2e930000 - 0x00007ffc2e985000 	C:\WINDOWS\System32\shlwapi.dll
0x00007ffc2d870000 - 0x00007ffc2d88f000 	C:\WINDOWS\SYSTEM32\profapi.dll
0x00007ffc04050000 - 0x00007ffc0406a000 	C:\Program Files\Android\Android Studio\jre\jre\bin\net.dll
0x00007ffc2d040000 - 0x00007ffc2d0aa000 	C:\WINDOWS\system32\mswsock.dll
0x00007ffc03e70000 - 0x00007ffc03e83000 	C:\Program Files\Android\Android Studio\jre\jre\bin\nio.dll
0x00007ffc1fe80000 - 0x00007ffc1fea7000 	C:\Users\A4nold\.gradle\native\f6784746aeab05261644944871eae4fe03e0ef1612fff0a4a95f87b438bc6780\windows-amd64\native-platform.dll
0x00007ffc27980000 - 0x00007ffc2798d000 	C:\Program Files\Android\Android Studio\jre\jre\bin\management.dll
0x00007ffc2d220000 - 0x00007ffc2d238000 	C:\WINDOWS\SYSTEM32\CRYPTSP.dll
0x00007ffc2c8d0000 - 0x00007ffc2c904000 	C:\WINDOWS\system32\rsaenh.dll
0x00007ffc2e230000 - 0x00007ffc2e257000 	C:\WINDOWS\System32\bcrypt.dll
0x00007ffc2d830000 - 0x00007ffc2d85e000 	C:\WINDOWS\SYSTEM32\USERENV.dll
0x00007ffc2e050000 - 0x00007ffc2e0d3000 	C:\WINDOWS\System32\bcryptprimitives.dll
0x00007ffc2d210000 - 0x00007ffc2d21c000 	C:\WINDOWS\SYSTEM32\CRYPTBASE.dll
0x00007ffc2cd30000 - 0x00007ffc2cd6b000 	C:\WINDOWS\SYSTEM32\IPHLPAPI.DLL
0x00007ffc2ec10000 - 0x00007ffc2ec18000 	C:\WINDOWS\System32\NSI.dll
0x00007ffc262e0000 - 0x00007ffc262f7000 	C:\WINDOWS\SYSTEM32\dhcpcsvc6.DLL
0x00007ffc264e0000 - 0x00007ffc264fd000 	C:\WINDOWS\SYSTEM32\dhcpcsvc.DLL
0x00007ffc2cd70000 - 0x00007ffc2ce3c000 	C:\WINDOWS\SYSTEM32\DNSAPI.dll
0x00007ffc26f10000 - 0x00007ffc26f1b000 	C:\WINDOWS\SYSTEM32\WINNSI.DLL

VM Arguments:
jvm_args: -Xmx512m -Dfile.encoding=UTF-8 -Duser.country=US -Duser.language=en -Duser.variant 
java_command: org.gradle.launcher.daemon.bootstrap.GradleDaemon 6.5
java_class_path (initial): C:\Users\A4nold\.gradle\wrapper\dists\gradle-6.5-bin\6nifqtx7604sqp1q6g8wikw7p\gradle-6.5\lib\gradle-launcher-6.5.jar
Launcher Type: SUN_STANDARD

Environment Variables:
PATH= C:\curl;C:\WINDOWS\system32;C:\WINDOWS;C:\WINDOWS\System32\Wbem;C:\WINDOWS\System32\WindowsPowerShell\v1.0\;C:\WINDOWS\System32\OpenSSH\;C:\Program Files\Git\cmd;C:\Program Files\nodejs\;C:\ProgramData\chocolatey\bin;C:\Program Files\dotnet\;C:\Program Files (x86)\Microsoft SQL Server\150\DTS\Binn\;C:\Program Files\Microsoft SQL Server\Client SDK\ODBC\170\Tools\Binn\;C:\Program Files (x86)\Microsoft SQL Server\150\Tools\Binn\;C:\Program Files\Microsoft SQL Server\150\Tools\Binn\;C:\Program Files\Microsoft SQL Server\150\DTS\Binn\;C:\Users\A4nold\.dnx\runtimes\dnx-clr-win-x86.1.0.0-rc1-update2\bin;C:\Users\A4nold\AppData\Local\Programs\Microsoft VS Code\bin;C:\Users\A4nold\AppData\Local\Microsoft\WindowsApps;C:\Users\A4nold\AppData\Roaming\npm;C:\Users\A4nold\.dotnet\tools;C:\src\flutter\bin;;C:\Users\A4nold\AppData\Local\Microsoft\WindowsApps;C:\Users\A4nold\.dotnet\tools
USERNAME=A4nold
OS=Windows_NT
PROCESSOR_IDENTIFIER=Intel64 Family 6 Model 58 Stepping 9, GenuineIntel



---------------  S Y S T E M  ---------------

OS: Windows 10.0 , 64 bit Build 19041 (10.0.19041.1023)

CPU:total 4 (initial active 4) (2 cores per cpu, 2 threads per core) family 6 model 58 stepping 9, cmov, cx8, fxsr, mmx, sse, sse2, sse3, ssse3, sse4.1, sse4.2, popcnt, avx, aes, clmul, erms, ht, tsc, tscinvbit, tscinv

Memory: 4k page, physical 8257132k(431812k free), swap 23758468k(4136k free)

vm_info: OpenJDK 64-Bit Server VM (25.242-b01) for windows-amd64 JRE (1.8.0_242-release-1644-b01), built by "builder" with MS VC++ 10.0 (VS2010)

time: Mon Jun 28 15:10:18 2021
timezone: W. Central Africa Standard Time
elapsed time: 34 seconds (0d 0h 0m 34s)

