#
# There is insufficient memory for the Java Runtime Environment to continue.
# Native memory allocation (malloc) failed to allocate 1100016 bytes for Chunk::new
# Possible reasons:
#   The system is out of physical RAM or swap space
#   The process is running with CompressedOops enabled, and the Java Heap may be blocking the growth of the native heap
# Possible solutions:
#   Reduce memory load on the system
#   Increase physical memory or swap space
#   Check if swap backing store is full
#   Decrease Java heap size (-Xmx/-Xms)
#   Decrease number of Java threads
#   Decrease Java thread stack sizes (-Xss)
#   Set larger code cache with -XX:ReservedCodeCacheSize=
#   JVM is running with Unscaled Compressed Oops mode in which the Java heap is
#     placed in the first 4GB address space. The Java Heap base address is the
#     maximum limit for the native heap growth. Please use -XX:HeapBaseMinAddress
#     to set the Java Heap base and to place the Java Heap above 4GB virtual address.
# This output file may be truncated or incomplete.
#
#  Out of Memory Error (allocation.cpp:389), pid=20372, tid=0x0000000000009424
#
# JRE version: OpenJDK Runtime Environment (8.0_242-b01) (build 1.8.0_242-release-1644-b01)
# Java VM: OpenJDK 64-Bit Server VM (25.242-b01 mixed mode windows-amd64 compressed oops)
# Failed to write core dump. Minidumps are not enabled by default on client versions of Windows
#

---------------  T H R E A D  ---------------

Current thread (0x0000000013807000):  JavaThread "C2 CompilerThread0" daemon [_thread_in_native, id=37924, stack(0x0000000014e60000,0x0000000014f60000)]

Stack: [0x0000000014e60000,0x0000000014f60000]
[error occurred during error reporting (printing stack bounds), id 0xc0000005]

Native frames: (J=compiled Java code, j=interpreted, Vv=VM code, C=native code)


Current CompileTask:
C2: 142137 13998       4       com.android.tools.r8.z.a.a.f::a (3630 bytes)


---------------  P R O C E S S  ---------------

Java Threads: ( => current thread )
  0x00000000163ea000 JavaThread "ForkJoinPool.commonPool-worker-3" daemon [_thread_blocked, id=38452, stack(0x000000001dea0000,0x000000001dfa0000)]
  0x00000000163ed000 JavaThread "ForkJoinPool.commonPool-worker-2" daemon [_thread_blocked, id=34672, stack(0x000000001caa0000,0x000000001cba0000)]
  0x00000000163f0800 JavaThread "Cache worker for Java compile cache (C:\Users\A4nold\AndroidStudioProjects\SimpleUserLoginAndRegistrationTest\.gradle\6.5\javaCompile)" [_thread_blocked, id=16084, stack(0x00000000008b0000,0x00000000009b0000)]
  0x00000000163ef000 JavaThread "Cache worker for Java compile cache (C:\Users\A4nold\.gradle\caches\6.5\javaCompile)" [_thread_blocked, id=29000, stack(0x00000000006b0000,0x00000000007b0000)]
  0x000000001638a800 JavaThread "stdout" [_thread_in_native, id=32192, stack(0x0000000028180000,0x0000000028280000)]
  0x000000001638c800 JavaThread "stderr" [_thread_in_native, id=21108, stack(0x0000000028080000,0x0000000028180000)]
  0x000000001638c000 JavaThread "stdout" [_thread_in_native, id=19120, stack(0x0000000027f80000,0x0000000028080000)]
  0x0000000016386800 JavaThread "stderr" [_thread_in_native, id=21068, stack(0x0000000027e80000,0x0000000027f80000)]
  0x0000000016389000 JavaThread "stdout" [_thread_in_native, id=26304, stack(0x0000000027d80000,0x0000000027e80000)]
  0x000000001638d800 JavaThread "stderr" [_thread_in_native, id=18404, stack(0x0000000027c80000,0x0000000027d80000)]
  0x0000000016387800 JavaThread "stdout" [_thread_in_native, id=42692, stack(0x0000000027b80000,0x0000000027c80000)]
  0x0000000016388000 JavaThread "stderr" [_thread_in_native, id=17212, stack(0x0000000027a80000,0x0000000027b80000)]
  0x0000000016386000 JavaThread "pool-2-thread-1" [_thread_blocked, id=33556, stack(0x0000000027980000,0x0000000027a80000)]
  0x0000000016383800 JavaThread "WorkerExecutor Queue Thread 4" [_thread_blocked, id=23324, stack(0x0000000027480000,0x0000000027580000)]
  0x0000000016382000 JavaThread "WorkerExecutor Queue Thread 3" [_thread_in_native, id=36376, stack(0x0000000027380000,0x0000000027480000)]
  0x0000000016381800 JavaThread "WorkerExecutor Queue Thread 2" [_thread_blocked, id=24680, stack(0x0000000027280000,0x0000000027380000)]
  0x0000000016384800 JavaThread "WorkerExecutor Queue" [_thread_blocked, id=25792, stack(0x0000000027180000,0x0000000027280000)]
  0x0000000016383000 JavaThread "Cache worker for execution history cache (C:\Users\A4nold\AndroidStudioProjects\SimpleUserLoginAndRegistrationTest\.gradle\6.5\executionHistory)" [_thread_blocked, id=31844, stack(0x0000000026e80000,0x0000000026f80000)]
  0x0000000016380800 JavaThread "Execution worker for ':' Thread 3" [_thread_blocked, id=40632, stack(0x0000000026d80000,0x0000000026e80000)]
  0x0000000016380000 JavaThread "Execution worker for ':' Thread 2" [_thread_blocked, id=28820, stack(0x0000000026c80000,0x0000000026d80000)]
  0x00000000163f6800 JavaThread "Execution worker for ':'" [_thread_blocked, id=7448, stack(0x0000000026b80000,0x0000000026c80000)]
  0x00000000163f6000 JavaThread "Cache worker for file content cache (C:\Users\A4nold\AndroidStudioProjects\SimpleUserLoginAndRegistrationTest\.gradle\6.5\fileContent)" [_thread_blocked, id=40844, stack(0x0000000025670000,0x0000000025770000)]
  0x00000000163f5000 JavaThread "Memory manager" [_thread_blocked, id=26492, stack(0x0000000025570000,0x0000000025670000)]
  0x00000000163f9000 JavaThread "pool-1-thread-1" [_thread_blocked, id=14888, stack(0x00000000236a0000,0x00000000237a0000)]
  0x00000000163f7800 JavaThread "Cache worker for Build Output Cleanup Cache (C:\Users\A4nold\AndroidStudioProjects\SimpleUserLoginAndRegistrationTest\.gradle\buildOutputCleanup)" [_thread_blocked, id=28036, stack(0x00000000233a0000,0x00000000234a0000)]
  0x000000001763c000 JavaThread "Build operations Thread 4" [_thread_blocked, id=39552, stack(0x000000001d5a0000,0x000000001d6a0000)]
  0x0000000017640000 JavaThread "Build operations Thread 3" [_thread_blocked, id=34612, stack(0x000000001d4a0000,0x000000001d5a0000)]
  0x000000001763e800 JavaThread "Build operations Thread 2" [_thread_blocked, id=14620, stack(0x000000001d3a0000,0x000000001d4a0000)]
  0x0000000017643000 JavaThread "Build operations" [_thread_blocked, id=31540, stack(0x000000001d2a0000,0x000000001d3a0000)]
  0x0000000017641800 JavaThread "Cache worker for file content cache (C:\Users\A4nold\.gradle\caches\6.5\fileContent)" [_thread_blocked, id=29892, stack(0x000000001cba0000,0x000000001cca0000)]
  0x00000000151ec800 JavaThread "Cache worker for execution history cache (C:\Users\A4nold\.gradle\caches\6.5\executionHistory)" [_thread_blocked, id=14548, stack(0x000000001c3a0000,0x000000001c4a0000)]
  0x00000000151ee800 JavaThread "Cache worker for cache directory md-rule (C:\Users\A4nold\.gradle\caches\6.5\md-rule)" [_thread_blocked, id=36124, stack(0x000000001c0a0000,0x000000001c1a0000)]
  0x00000000151ef800 JavaThread "Cache worker for cache directory md-supplier (C:\Users\A4nold\.gradle\caches\6.5\md-supplier)" [_thread_blocked, id=21144, stack(0x000000001bfa0000,0x000000001c0a0000)]
  0x00000000151eb000 JavaThread "Cache worker for checksums cache (C:\Users\A4nold\AndroidStudioProjects\SimpleUserLoginAndRegistrationTest\.gradle\checksums)" [_thread_blocked, id=21580, stack(0x000000001ae50000,0x000000001af50000)]
  0x00000000151ea000 JavaThread "Cache worker for file hash cache (C:\Users\A4nold\AndroidStudioProjects\SimpleUserLoginAndRegistrationTest\.gradle\6.5\fileHashes)" [_thread_blocked, id=18560, stack(0x000000001ab50000,0x000000001ac50000)]
  0x00000000151f1000 JavaThread "Cache worker for file hash cache (C:\Users\A4nold\.gradle\caches\6.5\fileHashes)" [_thread_blocked, id=30460, stack(0x0000000019880000,0x0000000019980000)]
  0x00000000151f0000 JavaThread "File lock request listener" [_thread_in_native, id=30444, stack(0x0000000019780000,0x0000000019880000)]
  0x00000000151eb800 JavaThread "Cache worker for journal cache (C:\Users\A4nold\.gradle\caches\journal-1)" [_thread_blocked, id=37948, stack(0x0000000019580000,0x0000000019680000)]
  0x0000000015f77000 JavaThread "Thread-9" [_thread_blocked, id=35992, stack(0x0000000019280000,0x0000000019380000)]
  0x0000000015c11000 JavaThread "Asynchronous log dispatcher for DefaultDaemonConnection: socket connection from /127.0.0.1:54853 to /127.0.0.1:54854" [_thread_blocked, id=23512, stack(0x0000000019080000,0x0000000019180000)]
  0x00000000153b9800 JavaThread "Daemon worker" [_thread_blocked, id=41732, stack(0x0000000018f80000,0x0000000019080000)]
  0x000000001543b000 JavaThread "Cancel handler" [_thread_blocked, id=14264, stack(0x0000000018e80000,0x0000000018f80000)]
  0x0000000015206800 JavaThread "Handler for socket connection from /127.0.0.1:54853 to /127.0.0.1:54854" [_thread_in_native, id=37568, stack(0x0000000018d80000,0x0000000018e80000)]
  0x0000000015206000 JavaThread "Daemon" [_thread_blocked, id=16556, stack(0x0000000018c80000,0x0000000018d80000)]
  0x0000000017226800 JavaThread "Daemon periodic checks" [_thread_blocked, id=41980, stack(0x0000000018980000,0x0000000018a80000)]
  0x0000000017216000 JavaThread "Incoming local TCP Connector on port 54853" [_thread_in_native, id=8168, stack(0x0000000018740000,0x0000000018840000)]
  0x0000000015093000 JavaThread "Daemon health stats" [_thread_blocked, id=24044, stack(0x0000000018100000,0x0000000018200000)]
  0x000000001385c800 JavaThread "Service Thread" daemon [_thread_blocked, id=32204, stack(0x0000000015560000,0x0000000015660000)]
  0x0000000013857800 JavaThread "C1 CompilerThread2" daemon [_thread_blocked, id=38684, stack(0x0000000015460000,0x0000000015560000)]
  0x0000000013822000 JavaThread "C2 CompilerThread1" daemon [_thread_in_native, id=39300, stack(0x0000000014f60000,0x0000000015060000)]
=>0x0000000013807000 JavaThread "C2 CompilerThread0" daemon [_thread_in_native, id=37924, stack(0x0000000014e60000,0x0000000014f60000)]
  0x0000000013803000 JavaThread "Attach Listener" daemon [_thread_blocked, id=4464, stack(0x0000000014d60000,0x0000000014e60000)]
  0x00000000023de800 JavaThread "Signal Dispatcher" daemon [_thread_blocked, id=9300, stack(0x0000000014c60000,0x0000000014d60000)]
  0x00000000023d5800 JavaThread "Finalizer" daemon [_thread_blocked, id=35704, stack(0x0000000014a60000,0x0000000014b60000)]
  0x00000000137e9000 JavaThread "Reference Handler" daemon [_thread_blocked, id=20512, stack(0x0000000014960000,0x0000000014a60000)]
  0x000000000248e800 JavaThread "main" [_thread_blocked, id=34348, stack(0x0000000002150000,0x0000000002250000)]

Other Threads:
  0x00000000137c6800 VMThread [stack: 0x0000000014860000,0x0000000014960000] [id=23688]
  0x000000001385e000 WatcherThread [stack: 0x0000000015660000,0x0000000015760000] [id=31648]

VM state:not at safepoint (normal execution)

VM Mutex/Monitor currently owned by a thread: None

heap address: 0x00000000e0000000, size: 512 MB, Compressed Oops mode: 32-bit
Narrow klass base: 0x0000000000000000, Narrow klass shift: 3
Compressed class space size: 1073741824 Address: 0x0000000100000000

Heap:
 PSYoungGen      total 135680K, used 77866K [0x00000000f5580000, 0x00000000ffe80000, 0x0000000100000000)
  eden space 98304K, 68% used [0x00000000f5580000,0x00000000f977d128,0x00000000fb580000)
  from space 37376K, 27% used [0x00000000fb580000,0x00000000fbf8d960,0x00000000fda00000)
  to   space 35840K, 0% used [0x00000000fdb80000,0x00000000fdb80000,0x00000000ffe80000)
 ParOldGen       total 100352K, used 83184K [0x00000000e0000000, 0x00000000e6200000, 0x00000000f5580000)
  object space 100352K, 82% used [0x00000000e0000000,0x00000000e513c058,0x00000000e6200000)
 Metaspace       used 83327K, capacity 87390K, committed 87448K, reserved 1124352K
  class space    used 11133K, capacity 11895K, committed 11952K, reserved 1048576K

Card table byte_map: [0x0000000011850000,0x0000000011960000] byte_map_base: 0x0000000011150000

Marking Bits: (ParMarkBitMap*) 0x000000005becf030
 Begin Bits: [0x0000000011d60000, 0x0000000012560000)
 End Bits:   [0x0000000012560000, 0x0000000012d60000)

Polling page: 0x0000000000550000

CodeCache: size=245760Kb used=38896Kb max_used=38913Kb free=206863Kb
 bounds [0x0000000002490000, 0x0000000004ad0000, 0x0000000011490000]
 total_blobs=12398 nmethods=11540 adapters=770
 compilation: enabled

Compilation events (10 events):
Event: 141.553 Thread 0x0000000013807000 nmethod 13981 0x0000000004ab4790 code [0x0000000004ab4d60, 0x0000000004ab6c20]
Event: 141.607 Thread 0x0000000013822000 nmethod 13975% 0x0000000004abcf50 code [0x0000000004abd300, 0x0000000004ac0490]
Event: 141.634 Thread 0x0000000013857800 13996       3       com.android.tools.r8.graph.O0::a (42 bytes)
Event: 141.635 Thread 0x0000000013857800 nmethod 13996 0x0000000004ab3490 code [0x0000000004ab36a0, 0x0000000004ab40a8]
Event: 141.635 Thread 0x0000000013857800 13997       3       com.android.tools.r8.p.n.n::<init> (48 bytes)
Event: 141.636 Thread 0x0000000013857800 nmethod 13997 0x0000000004ab2fd0 code [0x0000000004ab3140, 0x0000000004ab3390]
Event: 141.642 Thread 0x0000000013807000 13998       4       com.android.tools.r8.z.a.a.f::a (3630 bytes)
Event: 141.642 Thread 0x0000000013822000 13999       4       com.android.tools.r8.z.a.a.h::a (23 bytes)
Event: 141.643 Thread 0x0000000013822000 nmethod 13999 0x0000000004a9f890 code [0x0000000004a9f9c0, 0x0000000004a9fa58]
Event: 141.645 Thread 0x0000000013822000 14000 %     4       com.android.tools.r8.z.a.a.f::a @ 66 (6058 bytes)

GC Heap History (10 events):
Event: 91.204 GC heap before
{Heap before GC invocations=22 (full 3):
 PSYoungGen      total 139776K, used 138725K [0x00000000f5580000, 0x0000000100000000, 0x0000000100000000)
  eden space 112128K, 100% used [0x00000000f5580000,0x00000000fc300000,0x00000000fc300000)
  from space 27648K, 96% used [0x00000000fe500000,0x00000000ffef9638,0x0000000100000000)
  to   space 31232K, 0% used [0x00000000fc300000,0x00000000fc300000,0x00000000fe180000)
 ParOldGen       total 100352K, used 70947K [0x00000000e0000000, 0x00000000e6200000, 0x00000000f5580000)
  object space 100352K, 70% used [0x00000000e0000000,0x00000000e4548fd8,0x00000000e6200000)
 Metaspace       used 72155K, capacity 75648K, committed 75672K, reserved 1114112K
  class space    used 9750K, capacity 10403K, committed 10416K, reserved 1048576K
Event: 91.395 GC heap after
Heap after GC invocations=22 (full 3):
 PSYoungGen      total 143360K, used 30854K [0x00000000f5580000, 0x0000000100000000, 0x0000000100000000)
  eden space 112128K, 0% used [0x00000000f5580000,0x00000000f5580000,0x00000000fc300000)
  from space 31232K, 98% used [0x00000000fc300000,0x00000000fe121888,0x00000000fe180000)
  to   space 31232K, 0% used [0x00000000fe180000,0x00000000fe180000,0x0000000100000000)
 ParOldGen       total 100352K, used 70947K [0x00000000e0000000, 0x00000000e6200000, 0x00000000f5580000)
  object space 100352K, 70% used [0x00000000e0000000,0x00000000e4548fd8,0x00000000e6200000)
 Metaspace       used 72155K, capacity 75648K, committed 75672K, reserved 1114112K
  class space    used 9750K, capacity 10403K, committed 10416K, reserved 1048576K
}
Event: 93.315 GC heap before
{Heap before GC invocations=23 (full 3):
 PSYoungGen      total 143360K, used 142982K [0x00000000f5580000, 0x0000000100000000, 0x0000000100000000)
  eden space 112128K, 100% used [0x00000000f5580000,0x00000000fc300000,0x00000000fc300000)
  from space 31232K, 98% used [0x00000000fc300000,0x00000000fe121888,0x00000000fe180000)
  to   space 31232K, 0% used [0x00000000fe180000,0x00000000fe180000,0x0000000100000000)
 ParOldGen       total 100352K, used 70947K [0x00000000e0000000, 0x00000000e6200000, 0x00000000f5580000)
  object space 100352K, 70% used [0x00000000e0000000,0x00000000e4548fd8,0x00000000e6200000)
 Metaspace       used 72226K, capacity 75732K, committed 75928K, reserved 1114112K
  class space    used 9756K, capacity 10407K, committed 10416K, reserved 1048576K
Event: 93.406 GC heap after
Heap after GC invocations=23 (full 3):
 PSYoungGen      total 128000K, used 28342K [0x00000000f5580000, 0x0000000100000000, 0x0000000100000000)
  eden space 96768K, 0% used [0x00000000f5580000,0x00000000f5580000,0x00000000fb400000)
  from space 31232K, 90% used [0x00000000fe180000,0x00000000ffd2da48,0x0000000100000000)
  to   space 38912K, 0% used [0x00000000fb400000,0x00000000fb400000,0x00000000fda00000)
 ParOldGen       total 100352K, used 74748K [0x00000000e0000000, 0x00000000e6200000, 0x00000000f5580000)
  object space 100352K, 74% used [0x00000000e0000000,0x00000000e48ff130,0x00000000e6200000)
 Metaspace       used 72226K, capacity 75732K, committed 75928K, reserved 1114112K
  class space    used 9756K, capacity 10407K, committed 10416K, reserved 1048576K
}
Event: 109.587 GC heap before
{Heap before GC invocations=24 (full 3):
 PSYoungGen      total 128000K, used 125110K [0x00000000f5580000, 0x0000000100000000, 0x0000000100000000)
  eden space 96768K, 100% used [0x00000000f5580000,0x00000000fb400000,0x00000000fb400000)
  from space 31232K, 90% used [0x00000000fe180000,0x00000000ffd2da48,0x0000000100000000)
  to   space 38912K, 0% used [0x00000000fb400000,0x00000000fb400000,0x00000000fda00000)
 ParOldGen       total 100352K, used 74748K [0x00000000e0000000, 0x00000000e6200000, 0x00000000f5580000)
  object space 100352K, 74% used [0x00000000e0000000,0x00000000e48ff130,0x00000000e6200000)
 Metaspace       used 73013K, capacity 76568K, committed 76824K, reserved 1116160K
  class space    used 9840K, capacity 10485K, committed 10544K, reserved 1048576K
Event: 109.907 GC heap after
Heap after GC invocations=24 (full 3):
 PSYoungGen      total 135680K, used 12677K [0x00000000f5580000, 0x0000000100000000, 0x0000000100000000)
  eden space 96768K, 0% used [0x00000000f5580000,0x00000000f5580000,0x00000000fb400000)
  from space 38912K, 32% used [0x00000000fb400000,0x00000000fc061400,0x00000000fda00000)
  to   space 37376K, 0% used [0x00000000fdb80000,0x00000000fdb80000,0x0000000100000000)
 ParOldGen       total 100352K, used 79845K [0x00000000e0000000, 0x00000000e6200000, 0x00000000f5580000)
  object space 100352K, 79% used [0x00000000e0000000,0x00000000e4df9730,0x00000000e6200000)
 Metaspace       used 73013K, capacity 76568K, committed 76824K, reserved 1116160K
  class space    used 9840K, capacity 10485K, committed 10544K, reserved 1048576K
}
Event: 120.261 GC heap before
{Heap before GC invocations=25 (full 3):
 PSYoungGen      total 135680K, used 109445K [0x00000000f5580000, 0x0000000100000000, 0x0000000100000000)
  eden space 96768K, 100% used [0x00000000f5580000,0x00000000fb400000,0x00000000fb400000)
  from space 38912K, 32% used [0x00000000fb400000,0x00000000fc061400,0x00000000fda00000)
  to   space 37376K, 0% used [0x00000000fdb80000,0x00000000fdb80000,0x0000000100000000)
 ParOldGen       total 100352K, used 79845K [0x00000000e0000000, 0x00000000e6200000, 0x00000000f5580000)
  object space 100352K, 79% used [0x00000000e0000000,0x00000000e4df9730,0x00000000e6200000)
 Metaspace       used 73852K, capacity 77458K, committed 77720K, reserved 1116160K
  class space    used 9928K, capacity 10598K, committed 10672K, reserved 1048576K
Event: 120.341 GC heap after
Heap after GC invocations=25 (full 3):
 PSYoungGen      total 134144K, used 2369K [0x00000000f5580000, 0x00000000ffe80000, 0x0000000100000000)
  eden space 98304K, 0% used [0x00000000f5580000,0x00000000f5580000,0x00000000fb580000)
  from space 35840K, 6% used [0x00000000fdb80000,0x00000000fddd06d8,0x00000000ffe80000)
  to   space 37376K, 0% used [0x00000000fb580000,0x00000000fb580000,0x00000000fda00000)
 ParOldGen       total 100352K, used 83160K [0x00000000e0000000, 0x00000000e6200000, 0x00000000f5580000)
  object space 100352K, 82% used [0x00000000e0000000,0x00000000e5136058,0x00000000e6200000)
 Metaspace       used 73852K, capacity 77458K, committed 77720K, reserved 1116160K
  class space    used 9928K, capacity 10598K, committed 10672K, reserved 1048576K
}
Event: 138.152 GC heap before
{Heap before GC invocations=26 (full 3):
 PSYoungGen      total 134144K, used 100673K [0x00000000f5580000, 0x00000000ffe80000, 0x0000000100000000)
  eden space 98304K, 100% used [0x00000000f5580000,0x00000000fb580000,0x00000000fb580000)
  from space 35840K, 6% used [0x00000000fdb80000,0x00000000fddd06d8,0x00000000ffe80000)
  to   space 37376K, 0% used [0x00000000fb580000,0x00000000fb580000,0x00000000fda00000)
 ParOldGen       total 100352K, used 83160K [0x00000000e0000000, 0x00000000e6200000, 0x00000000f5580000)
  object space 100352K, 82% used [0x00000000e0000000,0x00000000e5136058,0x00000000e6200000)
 Metaspace       used 79659K, capacity 83398K, committed 83736K, reserved 1122304K
  class space    used 10624K, capacity 11305K, committed 11312K, reserved 1048576K
Event: 138.273 GC heap after
Heap after GC invocations=26 (full 3):
 PSYoungGen      total 135680K, used 10294K [0x00000000f5580000, 0x00000000ffe80000, 0x0000000100000000)
  eden space 98304K, 0% used [0x00000000f5580000,0x00000000f5580000,0x00000000fb580000)
  from space 37376K, 27% used [0x00000000fb580000,0x00000000fbf8d960,0x00000000fda00000)
  to   space 35840K, 0% used [0x00000000fdb80000,0x00000000fdb80000,0x00000000ffe80000)
 ParOldGen       total 100352K, used 83184K [0x00000000e0000000, 0x00000000e6200000, 0x00000000f5580000)
  object space 100352K, 82% used [0x00000000e0000000,0x00000000e513c058,0x00000000e6200000)
 Metaspace       used 79659K, capacity 83398K, committed 83736K, reserved 1122304K
  class space    used 10624K, capacity 11305K, committed 11312K, reserved 1048576K
}

Deoptimization events (10 events):
Event: 137.714 Thread 0x00000000163f6800 Uncommon trap: reason=bimorphic action=maybe_recompile pc=0x000000000416e3bc method=com.google.common.collect.AbstractIndexedListIterator.next()Ljava/lang/Object; @ 27
Event: 137.714 Thread 0x00000000163f6800 Uncommon trap: reason=bimorphic action=maybe_recompile pc=0x000000000416e3bc method=com.google.common.collect.AbstractIndexedListIterator.next()Ljava/lang/Object; @ 27
Event: 137.714 Thread 0x00000000163f6800 Uncommon trap: reason=bimorphic action=maybe_recompile pc=0x000000000416e3bc method=com.google.common.collect.AbstractIndexedListIterator.next()Ljava/lang/Object; @ 27
Event: 138.545 Thread 0x00000000163f6800 Uncommon trap: reason=class_check action=maybe_recompile pc=0x0000000003d636a8 method=java.util.HashMap.removeNode(ILjava/lang/Object;Ljava/lang/Object;ZZ)Ljava/util/HashMap$Node; @ 68
Event: 138.985 Thread 0x00000000163f6800 Uncommon trap: reason=array_check action=maybe_recompile pc=0x00000000044f80cc method=java.util.TimSort.binarySort([Ljava/lang/Object;IIILjava/util/Comparator;)V @ 193
Event: 139.137 Thread 0x0000000016384800 Uncommon trap: reason=unstable_if action=reinterpret pc=0x00000000029bc318 method=java.util.regex.Pattern$SliceU.match(Ljava/util/regex/Matcher;ILjava/lang/CharSequence;)Z @ 29
Event: 139.137 Thread 0x0000000016383800 Uncommon trap: reason=unstable_if action=reinterpret pc=0x00000000029bc318 method=java.util.regex.Pattern$SliceU.match(Ljava/util/regex/Matcher;ILjava/lang/CharSequence;)Z @ 29
Event: 139.138 Thread 0x0000000016382000 Uncommon trap: reason=unstable_if action=reinterpret pc=0x00000000029bc318 method=java.util.regex.Pattern$SliceU.match(Ljava/util/regex/Matcher;ILjava/lang/CharSequence;)Z @ 29
Event: 140.172 Thread 0x0000000016382000 Uncommon trap: reason=predicate action=maybe_recompile pc=0x0000000002ff5818 method=java.util.stream.Streams$RangeIntSpliterator.forEachRemaining(Ljava/util/function/IntConsumer;)V @ 39
Event: 140.454 Thread 0x0000000016384800 Uncommon trap: reason=unstable_if action=reinterpret pc=0x000000000380061c method=java.nio.Bits.putInt(Ljava/nio/ByteBuffer;IIZ)V @ 1

Classes redefined (0 events):
No events

Internal exceptions (10 events):
Event: 119.769 Thread 0x00000000153b9800 Exception <a 'sun/nio/fs/WindowsException'> (0x00000000faa31b68) thrown at [C:\src\AOSP-openjdk-git\hotspot\src\share\vm\prims\jni.cpp, line 710]
Event: 119.769 Thread 0x00000000153b9800 Exception <a 'sun/nio/fs/WindowsException'> (0x00000000faa51f78) thrown at [C:\src\AOSP-openjdk-git\hotspot\src\share\vm\prims\jni.cpp, line 710]
Event: 119.771 Thread 0x00000000153b9800 Exception <a 'sun/nio/fs/WindowsException'> (0x00000000faa54b50) thrown at [C:\src\AOSP-openjdk-git\hotspot\src\share\vm\prims\jni.cpp, line 710]
Event: 119.772 Thread 0x00000000153b9800 Exception <a 'sun/nio/fs/WindowsException'> (0x00000000faa56440) thrown at [C:\src\AOSP-openjdk-git\hotspot\src\share\vm\prims\jni.cpp, line 710]
Event: 135.724 Thread 0x0000000015f77000 Exception <a 'java/lang/NoSuchMethodError': <clinit>> (0x00000000f9e3ecd8) thrown at [C:\src\AOSP-openjdk-git\hotspot\src\share\vm\prims\jni.cpp, line 1615]
Event: 137.868 Thread 0x00000000163ea000 Exception <a 'sun/nio/fs/WindowsException'> (0x00000000fa92d920) thrown at [C:\src\AOSP-openjdk-git\hotspot\src\share\vm\prims\jni.cpp, line 710]
Event: 138.813 Thread 0x00000000163f6800 Exception <a 'sun/nio/fs/WindowsException'> (0x00000000f5f903f0) thrown at [C:\src\AOSP-openjdk-git\hotspot\src\share\vm\prims\jni.cpp, line 710]
Event: 138.985 Thread 0x00000000163f6800 Exception <a 'java/lang/NoSuchMethodError': <clinit>> (0x00000000f6013328) thrown at [C:\src\AOSP-openjdk-git\hotspot\src\share\vm\prims\jni.cpp, line 1615]
Event: 139.632 Thread 0x0000000016382000 Exception <a 'sun/nio/fs/WindowsException'> (0x00000000f6111520) thrown at [C:\src\AOSP-openjdk-git\hotspot\src\share\vm\prims\jni.cpp, line 710]
Event: 141.180 Thread 0x0000000016382000 Exception <a 'java/lang/IncompatibleClassChangeError': Found class java.lang.Object, but interface was expected> (0x00000000f79b7188) thrown at [C:\src\AOSP-openjdk-git\hotspot\src\share\vm\interpreter\linkResolver.cpp, line 653]

Events (10 events):
Event: 141.626 loading class com/android/tools/r8/s/b/v1
Event: 141.626 loading class com/android/tools/r8/s/b/v1 done
Event: 141.627 loading class com/android/tools/r8/s/b/F0
Event: 141.627 loading class com/android/tools/r8/s/b/F0 done
Event: 141.627 loading class com/android/tools/r8/s/b/s
Event: 141.627 loading class com/android/tools/r8/s/b/s done
Event: 141.628 loading class com/android/tools/r8/s/b/O0
Event: 141.628 loading class com/android/tools/r8/s/b/O0 done
Event: 141.642 Thread 0x0000000016383800 DEOPT PACKING pc=0x0000000004a06a5f sp=0x000000002757cf90
Event: 141.642 Thread 0x0000000016383800 DEOPT UNPACKING pc=0x00000000024d75d0 sp=0x000000002757d0b0 mode 0


Dynamic libraries:
0x00007ff63c500000 - 0x00007ff63c531000 	C:\Program Files\Android\Android Studio\jre\bin\java.exe
0x00007ffc301f0000 - 0x00007ffc303e5000 	C:\WINDOWS\SYSTEM32\ntdll.dll
0x00007ffc2ec20000 - 0x00007ffc2ecdd000 	C:\WINDOWS\System32\KERNEL32.DLL
0x00007ffc2da90000 - 0x00007ffc2dd58000 	C:\WINDOWS\System32\KERNELBASE.dll
0x00007ffc2eb40000 - 0x00007ffc2ebec000 	C:\WINDOWS\System32\ADVAPI32.dll
0x00007ffc2ece0000 - 0x00007ffc2ed7e000 	C:\WINDOWS\System32\msvcrt.dll
0x00007ffc2e3a0000 - 0x00007ffc2e43b000 	C:\WINDOWS\System32\sechost.dll
0x00007ffc2ed80000 - 0x00007ffc2eeab000 	C:\WINDOWS\System32\RPCRT4.dll
0x00007ffc2e580000 - 0x00007ffc2e720000 	C:\WINDOWS\System32\USER32.dll
0x00007ffc2de70000 - 0x00007ffc2de92000 	C:\WINDOWS\System32\win32u.dll
0x00007ffc2f390000 - 0x00007ffc2f3ba000 	C:\WINDOWS\System32\GDI32.dll
0x00007ffc2dea0000 - 0x00007ffc2dfab000 	C:\WINDOWS\System32\gdi32full.dll
0x00007ffc2dfb0000 - 0x00007ffc2e04d000 	C:\WINDOWS\System32\msvcp_win.dll
0x00007ffc2e130000 - 0x00007ffc2e230000 	C:\WINDOWS\System32\ucrtbase.dll
0x00007ffc22a20000 - 0x00007ffc22cba000 	C:\WINDOWS\WinSxS\amd64_microsoft.windows.common-controls_6595b64144ccf1df_6.0.19041.1052_none_60b8f8fd71f5e8cb\COMCTL32.dll
0x00007ffc2e4f0000 - 0x00007ffc2e520000 	C:\WINDOWS\System32\IMM32.DLL
0x000000005b620000 - 0x000000005b6f2000 	C:\Program Files\Android\Android Studio\jre\jre\bin\msvcr100.dll
0x000000005b700000 - 0x000000005bf4b000 	C:\Program Files\Android\Android Studio\jre\jre\bin\server\jvm.dll
0x00007ffc2f700000 - 0x00007ffc2f708000 	C:\WINDOWS\System32\PSAPI.DLL
0x00007ffc1f250000 - 0x00007ffc1f259000 	C:\WINDOWS\SYSTEM32\WSOCK32.dll
0x00007ffc2eeb0000 - 0x00007ffc2ef1b000 	C:\WINDOWS\System32\WS2_32.dll
0x00007ffc129c0000 - 0x00007ffc129e7000 	C:\WINDOWS\SYSTEM32\WINMM.dll
0x00007ffc23480000 - 0x00007ffc2348a000 	C:\WINDOWS\SYSTEM32\VERSION.dll
0x00007ffc29210000 - 0x00007ffc2921f000 	C:\Program Files\Android\Android Studio\jre\jre\bin\verify.dll
0x00007ffc208c0000 - 0x00007ffc208e9000 	C:\Program Files\Android\Android Studio\jre\jre\bin\java.dll
0x00007ffc26080000 - 0x00007ffc26096000 	C:\Program Files\Android\Android Studio\jre\jre\bin\zip.dll
0x00007ffc2fa70000 - 0x00007ffc301af000 	C:\WINDOWS\System32\SHELL32.dll
0x00007ffc2b970000 - 0x00007ffc2c100000 	C:\WINDOWS\SYSTEM32\windows.storage.dll
0x00007ffc2f710000 - 0x00007ffc2fa65000 	C:\WINDOWS\System32\combase.dll
0x00007ffc2d2d0000 - 0x00007ffc2d2fc000 	C:\WINDOWS\SYSTEM32\Wldp.dll
0x00007ffc2e2f0000 - 0x00007ffc2e39e000 	C:\WINDOWS\System32\SHCORE.dll
0x00007ffc2e930000 - 0x00007ffc2e985000 	C:\WINDOWS\System32\shlwapi.dll
0x00007ffc2d870000 - 0x00007ffc2d88f000 	C:\WINDOWS\SYSTEM32\profapi.dll
0x00007ffc25dd0000 - 0x00007ffc25dea000 	C:\Program Files\Android\Android Studio\jre\jre\bin\net.dll
0x00007ffc2d040000 - 0x00007ffc2d0aa000 	C:\WINDOWS\system32\mswsock.dll
0x00007ffc208a0000 - 0x00007ffc208b3000 	C:\Program Files\Android\Android Studio\jre\jre\bin\nio.dll
0x00007ffbfde10000 - 0x00007ffbfde37000 	C:\Users\A4nold\.gradle\native\f6784746aeab05261644944871eae4fe03e0ef1612fff0a4a95f87b438bc6780\windows-amd64\native-platform.dll
0x00007ffc27b80000 - 0x00007ffc27b8d000 	C:\Program Files\Android\Android Studio\jre\jre\bin\management.dll
0x00007ffc2d220000 - 0x00007ffc2d238000 	C:\WINDOWS\SYSTEM32\CRYPTSP.dll
0x00007ffc2c8d0000 - 0x00007ffc2c904000 	C:\WINDOWS\system32\rsaenh.dll
0x00007ffc2e230000 - 0x00007ffc2e257000 	C:\WINDOWS\System32\bcrypt.dll
0x00007ffc2d830000 - 0x00007ffc2d85e000 	C:\WINDOWS\SYSTEM32\USERENV.dll
0x00007ffc2e050000 - 0x00007ffc2e0d3000 	C:\WINDOWS\System32\bcryptprimitives.dll
0x00007ffc2d210000 - 0x00007ffc2d21c000 	C:\WINDOWS\SYSTEM32\CRYPTBASE.dll
0x00007ffc2cd30000 - 0x00007ffc2cd6b000 	C:\WINDOWS\SYSTEM32\IPHLPAPI.DLL
0x00007ffc2ec10000 - 0x00007ffc2ec18000 	C:\WINDOWS\System32\NSI.dll
0x00007ffc262e0000 - 0x00007ffc262f7000 	C:\WINDOWS\SYSTEM32\dhcpcsvc6.DLL
0x00007ffc264e0000 - 0x00007ffc264fd000 	C:\WINDOWS\SYSTEM32\dhcpcsvc.DLL
0x00007ffc2cd70000 - 0x00007ffc2ce3c000 	C:\WINDOWS\SYSTEM32\DNSAPI.dll
0x00007ffc26f10000 - 0x00007ffc26f1b000 	C:\WINDOWS\SYSTEM32\WINNSI.DLL

VM Arguments:
jvm_args: -Xmx512m -Dfile.encoding=UTF-8 -Duser.country=US -Duser.language=en -Duser.variant 
java_command: org.gradle.launcher.daemon.bootstrap.GradleDaemon 6.5
java_class_path (initial): C:\Users\A4nold\.gradle\wrapper\dists\gradle-6.5-bin\6nifqtx7604sqp1q6g8wikw7p\gradle-6.5\lib\gradle-launcher-6.5.jar
Launcher Type: SUN_STANDARD

Environment Variables:
PATH= C:\curl;C:\WINDOWS\system32;C:\WINDOWS;C:\WINDOWS\System32\Wbem;C:\WINDOWS\System32\WindowsPowerShell\v1.0\;C:\WINDOWS\System32\OpenSSH\;C:\Program Files\Git\cmd;C:\Program Files\nodejs\;C:\ProgramData\chocolatey\bin;C:\Program Files\dotnet\;C:\Program Files (x86)\Microsoft SQL Server\150\DTS\Binn\;C:\Program Files\Microsoft SQL Server\Client SDK\ODBC\170\Tools\Binn\;C:\Program Files (x86)\Microsoft SQL Server\150\Tools\Binn\;C:\Program Files\Microsoft SQL Server\150\Tools\Binn\;C:\Program Files\Microsoft SQL Server\150\DTS\Binn\;C:\Users\A4nold\.dnx\runtimes\dnx-clr-win-x86.1.0.0-rc1-update2\bin;C:\Users\A4nold\AppData\Local\Programs\Microsoft VS Code\bin;C:\Users\A4nold\AppData\Local\Microsoft\WindowsApps;C:\Users\A4nold\AppData\Roaming\npm;C:\Users\A4nold\.dotnet\tools;C:\src\flutter\bin;;C:\Users\A4nold\AppData\Local\Microsoft\WindowsApps;C:\Users\A4nold\.dotnet\tools
USERNAME=A4nold
OS=Windows_NT
PROCESSOR_IDENTIFIER=Intel64 Family 6 Model 58 Stepping 9, GenuineIntel



---------------  S Y S T E M  ---------------

OS: Windows 10.0 , 64 bit Build 19041 (10.0.19041.1023)

CPU:total 4 (initial active 4) (2 cores per cpu, 2 threads per core) family 6 model 58 stepping 9, cmov, cx8, fxsr, mmx, sse, sse2, sse3, ssse3, sse4.1, sse4.2, popcnt, avx, aes, clmul, erms, ht, tsc, tscinvbit, tscinv

Memory: 4k page, physical 8257132k(293988k free), swap 23758468k(4972k free)

vm_info: OpenJDK 64-Bit Server VM (25.242-b01) for windows-amd64 JRE (1.8.0_242-release-1644-b01), built by "builder" with MS VC++ 10.0 (VS2010)

time: Mon Jun 28 15:14:39 2021
timezone: W. Central Africa Standard Time
elapsed time: 142 seconds (0d 0h 2m 22s)

